2025-12-03 12:19:37.811  INFO 18396 --- [restartedMain] c.a.e.E.ExpenseTrackerApplication        : Starting ExpenseTrackerApplication using Java 1.8.0_212 on WS-18186 with PID 18396 (C:\KARAN\LEARNINGS\SPRING\ExpenseTracker\target\classes started by kaum0922 in C:\KARAN\LEARNINGS\SPRING\ExpenseTracker)
2025-12-03 12:19:37.847 DEBUG 18396 --- [restartedMain] c.a.e.E.ExpenseTrackerApplication        : Running with Spring Boot v2.7.18, Spring v5.3.31
2025-12-03 12:19:37.849  INFO 18396 --- [restartedMain] c.a.e.E.ExpenseTrackerApplication        : No active profile set, falling back to 1 default profile: "default"
2025-12-03 12:19:46.049  INFO 18396 --- [restartedMain] o.apache.catalina.core.StandardService   : Starting service [Tomcat]
2025-12-03 12:19:46.050  INFO 18396 --- [restartedMain] org.apache.catalina.core.StandardEngine  : Starting Servlet engine: [Apache Tomcat/9.0.83]
2025-12-03 12:19:46.662  INFO 18396 --- [restartedMain] o.a.c.c.C.[Tomcat].[localhost].[/]       : Initializing Spring embedded WebApplicationContext
2025-12-03 12:19:47.887  INFO 18396 --- [restartedMain] com.zaxxer.hikari.HikariDataSource       : HikariPool-1 - Starting...
2025-12-03 12:19:48.801  INFO 18396 --- [restartedMain] com.zaxxer.hikari.HikariDataSource       : HikariPool-1 - Start completed.
2025-12-03 12:19:56.980 DEBUG 18396 --- [restartedMain] c.a.e.E.Filter.JwtRequestFilter          : Filter 'jwtRequestFilter' configured for use
2025-12-03 12:20:00.144  WARN 18396 --- [restartedMain] JpaBaseConfiguration$JpaWebConfiguration : spring.jpa.open-in-view is enabled by default. Therefore, database queries may be performed during view rendering. Explicitly configure spring.jpa.open-in-view to disable this warning
2025-12-03 12:20:05.269  INFO 18396 --- [restartedMain] c.a.e.E.ExpenseTrackerApplication        : Started ExpenseTrackerApplication in 29.115 seconds (JVM running for 32.407)
2025-12-03 13:13:53.325  WARN 18396 --- [SpringApplicationShutdownHook] o.s.b.f.support.DisposableBeanAdapter    : Invocation of destroy method failed on bean with name 'inMemoryDatabaseShutdownExecutor': org.h2.jdbc.JdbcSQLNonTransientConnectionException: Database is already closed (to disable automatic closing at VM shutdown, add ";DB_CLOSE_ON_EXIT=FALSE" to the db URL) [90121-214]
2025-12-03 13:13:53.344  INFO 18396 --- [SpringApplicationShutdownHook] com.zaxxer.hikari.HikariDataSource       : HikariPool-1 - Shutdown initiated...
2025-12-03 13:13:53.365  INFO 18396 --- [SpringApplicationShutdownHook] com.zaxxer.hikari.HikariDataSource       : HikariPool-1 - Shutdown completed.
2025-12-03 13:29:05.117  INFO 2508 --- [restartedMain] c.a.e.E.ExpenseTrackerApplication        : Starting ExpenseTrackerApplication using Java 1.8.0_212 on WS-18186 with PID 2508 (C:\KARAN\LEARNINGS\SPRING\ExpenseTracker\target\classes started by kaum0922 in C:\KARAN\LEARNINGS\SPRING\ExpenseTracker)
2025-12-03 13:29:05.119 DEBUG 2508 --- [restartedMain] c.a.e.E.ExpenseTrackerApplication        : Running with Spring Boot v2.7.18, Spring v5.3.31
2025-12-03 13:29:05.120  INFO 2508 --- [restartedMain] c.a.e.E.ExpenseTrackerApplication        : No active profile set, falling back to 1 default profile: "default"
2025-12-03 13:29:18.316  INFO 2508 --- [restartedMain] o.apache.catalina.core.StandardService   : Starting service [Tomcat]
2025-12-03 13:29:18.318  INFO 2508 --- [restartedMain] org.apache.catalina.core.StandardEngine  : Starting Servlet engine: [Apache Tomcat/9.0.83]
2025-12-03 13:29:19.019  INFO 2508 --- [restartedMain] o.a.c.c.C.[Tomcat].[localhost].[/]       : Initializing Spring embedded WebApplicationContext
2025-12-03 13:29:20.147  INFO 2508 --- [restartedMain] com.zaxxer.hikari.HikariDataSource       : HikariPool-1 - Starting...
2025-12-03 13:29:21.434  INFO 2508 --- [restartedMain] com.zaxxer.hikari.HikariDataSource       : HikariPool-1 - Start completed.
2025-12-03 13:29:28.126 DEBUG 2508 --- [restartedMain] c.a.e.E.Filter.JwtRequestFilter          : Filter 'jwtRequestFilter' configured for use
2025-12-03 13:29:30.085  WARN 2508 --- [restartedMain] JpaBaseConfiguration$JpaWebConfiguration : spring.jpa.open-in-view is enabled by default. Therefore, database queries may be performed during view rendering. Explicitly configure spring.jpa.open-in-view to disable this warning
2025-12-03 13:29:32.669  INFO 2508 --- [restartedMain] c.a.e.E.ExpenseTrackerApplication        : Started ExpenseTrackerApplication in 30.262 seconds (JVM running for 33.025)
2025-12-03 13:29:47.497  INFO 2508 --- [http-nio-8080-exec-3] o.a.c.c.C.[Tomcat].[localhost].[/]       : Initializing Spring DispatcherServlet 'dispatcherServlet'
2025-12-03 13:30:53.496  WARN 2508 --- [SpringApplicationShutdownHook] o.s.b.f.support.DisposableBeanAdapter    : Invocation of destroy method failed on bean with name 'inMemoryDatabaseShutdownExecutor': org.h2.jdbc.JdbcSQLNonTransientConnectionException: Database is already closed (to disable automatic closing at VM shutdown, add ";DB_CLOSE_ON_EXIT=FALSE" to the db URL) [90121-214]
2025-12-03 13:30:53.502  INFO 2508 --- [SpringApplicationShutdownHook] com.zaxxer.hikari.HikariDataSource       : HikariPool-1 - Shutdown initiated...
2025-12-03 13:30:53.512  INFO 2508 --- [SpringApplicationShutdownHook] com.zaxxer.hikari.HikariDataSource       : HikariPool-1 - Shutdown completed.
2025-12-03 13:31:03.823  INFO 19472 --- [restartedMain] c.a.e.E.ExpenseTrackerApplication        : Starting ExpenseTrackerApplication using Java 1.8.0_212 on WS-18186 with PID 19472 (C:\KARAN\LEARNINGS\SPRING\ExpenseTracker\target\classes started by kaum0922 in C:\KARAN\LEARNINGS\SPRING\ExpenseTracker)
2025-12-03 13:31:03.827 DEBUG 19472 --- [restartedMain] c.a.e.E.ExpenseTrackerApplication        : Running with Spring Boot v2.7.18, Spring v5.3.31
2025-12-03 13:31:03.828  INFO 19472 --- [restartedMain] c.a.e.E.ExpenseTrackerApplication        : No active profile set, falling back to 1 default profile: "default"
2025-12-03 13:31:12.328  INFO 19472 --- [restartedMain] o.apache.catalina.core.StandardService   : Starting service [Tomcat]
2025-12-03 13:31:12.330  INFO 19472 --- [restartedMain] org.apache.catalina.core.StandardEngine  : Starting Servlet engine: [Apache Tomcat/9.0.83]
2025-12-03 13:31:13.000  INFO 19472 --- [restartedMain] o.a.c.c.C.[Tomcat].[localhost].[/]       : Initializing Spring embedded WebApplicationContext
2025-12-03 13:31:14.542  INFO 19472 --- [restartedMain] com.zaxxer.hikari.HikariDataSource       : HikariPool-1 - Starting...
2025-12-03 13:31:15.338  INFO 19472 --- [restartedMain] com.zaxxer.hikari.HikariDataSource       : HikariPool-1 - Start completed.
2025-12-03 13:31:21.002 DEBUG 19472 --- [restartedMain] c.a.e.E.Filter.JwtRequestFilter          : Filter 'jwtRequestFilter' configured for use
2025-12-03 13:31:23.309  WARN 19472 --- [restartedMain] JpaBaseConfiguration$JpaWebConfiguration : spring.jpa.open-in-view is enabled by default. Therefore, database queries may be performed during view rendering. Explicitly configure spring.jpa.open-in-view to disable this warning
2025-12-03 13:31:25.285  INFO 19472 --- [restartedMain] c.a.e.E.ExpenseTrackerApplication        : Started ExpenseTrackerApplication in 22.907 seconds (JVM running for 25.261)
2025-12-03 13:31:30.678  WARN 19472 --- [SpringApplicationShutdownHook] o.s.b.f.support.DisposableBeanAdapter    : Invocation of destroy method failed on bean with name 'inMemoryDatabaseShutdownExecutor': org.h2.jdbc.JdbcSQLNonTransientConnectionException: Database is already closed (to disable automatic closing at VM shutdown, add ";DB_CLOSE_ON_EXIT=FALSE" to the db URL) [90121-214]
2025-12-03 13:31:30.683  INFO 19472 --- [SpringApplicationShutdownHook] com.zaxxer.hikari.HikariDataSource       : HikariPool-1 - Shutdown initiated...
2025-12-03 13:31:30.692  INFO 19472 --- [SpringApplicationShutdownHook] com.zaxxer.hikari.HikariDataSource       : HikariPool-1 - Shutdown completed.
